<?xml version="1.0" encoding="UTF-8"?>
<!-- Generated by org.testng.reporters.JUnitReportReporter -->
<testsuite hostname="DESKTOP-VV0NNBG" failures="0" tests="1" name="Performing_Kyc.LLP_KYC" time="55.200" errors="0" timestamp="2024-07-18T12:27:47 IST" skipped="0">
  <testcase classname="Performing_Kyc.LLP_KYC" name="kycTest" time="55.200"/>
  <system-out/>
</testsuite> <!-- Performing_Kyc.LLP_KYC -->
