<?xml version="1.0" encoding="UTF-8"?>
<!-- Generated by org.testng.reporters.JUnitReportReporter -->
<testsuite hostname="DESKTOP-VV0NNBG" failures="0" tests="1" name="Performing_Kyc.LTD_KYC" time="29.110" errors="0" timestamp="2024-07-16T14:13:57 IST" skipped="0">
  <testcase classname="Performing_Kyc.LTD_KYC" name="kycTest" time="29.110"/>
  <system-out/>
</testsuite> <!-- Performing_Kyc.LTD_KYC -->
